-------------------------------------------------------------------------------
Test set: tests.LoginTest
-------------------------------------------------------------------------------
Tests run: 6, Failures: 1, Errors: 0, Skipped: 0, Time elapsed: 17.94 s <<< FAILURE! -- in tests.LoginTest
tests.LoginTest.testCannotGoBackToLoginAfterAuth -- Time elapsed: 2.991 s <<< FAILURE!
org.opentest4j.AssertionFailedError: Should not be able to navigate back to the login page after authentication ==> expected: <false> but was: <true>
	at org.junit.jupiter.api.AssertionFailureBuilder.build(AssertionFailureBuilder.java:151)
	at org.junit.jupiter.api.AssertionFailureBuilder.buildAndThrow(AssertionFailureBuilder.java:132)
	at org.junit.jupiter.api.AssertFalse.failNotFalse(AssertFalse.java:63)
	at org.junit.jupiter.api.AssertFalse.assertFalse(AssertFalse.java:36)
	at org.junit.jupiter.api.Assertions.assertFalse(Assertions.java:239)
	at tests.LoginTest.testCannotGoBackToLoginAfterAuth(LoginTest.java:83)
	at java.base/java.lang.reflect.Method.invoke(Method.java:569)
	at java.base/java.util.ArrayList.forEach(ArrayList.java:1511)
	at java.base/java.util.ArrayList.forEach(ArrayList.java:1511)

